Change Component Designator: Old Designator=3.3V New Designator=2
Change Component Designator: Old Designator=5V New Designator=1
Change Component Designator: Old Designator=BT? New Designator=BT1
Change Component Designator: Old Designator=C? New Designator=C1
Change Component Designator: Old Designator=C? New Designator=C2
Change Component Designator: Old Designator=C? New Designator=C3
Change Component Designator: Old Designator=C? New Designator=C4
Change Component Designator: Old Designator=D? New Designator=D1
Change Component Designator: Old Designator=GND New Designator=GND1
Change Component Designator: Old Designator=IC? New Designator=IC1
Change Component Designator: Old Designator=J? New Designator=J1
Change Component Designator: Old Designator=JP? New Designator=JP1
Change Component Designator: Old Designator=JP? New Designator=JP2
Change Component Designator: Old Designator=JP? New Designator=JP3
Change Component Designator: Old Designator=JP? New Designator=JP4
Change Component Designator: Old Designator=L? New Designator=L1
Change Component Designator: Old Designator=L? New Designator=L2
Change Component Designator: Old Designator=L? New Designator=L3
Change Component Designator: Old Designator=L? New Designator=L4
Change Component Designator: Old Designator=R? New Designator=R1
Change Component Designator: Old Designator=R? New Designator=R2
Change Component Designator: Old Designator=R? New Designator=R3
Change Component Designator: Old Designator=R? New Designator=R4
Change Component Designator: Old Designator=R? New Designator=R5
Change Component Designator: Old Designator=R? New Designator=R6
Change Component Designator: Old Designator=R? New Designator=R7
Change Component Designator: Old Designator=U? New Designator=U1
Change Component Designator: Old Designator=Y? New Designator=Y1
